<?xml version="1.0" encoding="UTF-8"?>
<testsuite xmlns:xsi="http://www.w3.org/2001/XMLSchema-instance" xsi:noNamespaceSchemaLocation="https://maven.apache.org/surefire/maven-surefire-plugin/xsd/surefire-test-report-3.0.xsd" version="3.0" name="com.example.firstlive.FirstliveApplicationTests" time="4.476" tests="1" errors="0" skipped="0" failures="0">
  <properties>
[...]
</properties>
  <testcase name="contextLoads" classname="com.example.firstlive.FirstliveApplicationTests" time="1.141">
    <system-out><![CDATA[14:52:29.783 [main] INFO org.springframework.test.context.support.AnnotationConfigContextLoaderUtils -- Could not detect default configuration classes for test class [com.example.firstlive.FirstliveApplicationTests]: FirstliveApplicationTests does not declare any static, non-private, non-final, nested classes annotated with @Configuration.
14:52:29.988 [main] INFO org.springframework.boot.test.context.SpringBootTestContextBootstrapper -- Found @SpringBootConfiguration com.example.firstlive.FirstliveApplication for test class com.example.firstlive.FirstliveApplicationTests
14:52:30.272 [main] INFO org.springframework.boot.devtools.restart.RestartApplicationListener -- Restart disabled due to context in which it is running

  .   ____          _            __ _ _
 /\\ / ___'_ __ _ _(_)_ __  __ _ \ \ \ \
( ( )\___ | '_ | '_| | '_ \/ _` | \ \ \ \
 \\/  ___)| |_)| | | | | || (_| |  ) ) ) )
  '  |____| .__|_| |_|_| |_\__, | / / / /
 =========|_|==============|___/=/_/_/_/
 :: Spring Boot ::                (v3.2.4)

2024-04-23T14:52:30.790Z  INFO 3399 --- [firstlive] [           main] c.e.firstlive.FirstliveApplicationTests  : Starting FirstliveApplicationTests using Java 17.0.10 with PID 3399 (started by ec2-user in /home/ec2-user/firstlive)
2024-04-23T14:52:30.792Z  INFO 3399 --- [firstlive] [           main] c.e.firstlive.FirstliveApplicationTests  : No active profile set, falling back to 1 default profile: "default"
2024-04-23T14:52:32.746Z  INFO 3399 --- [firstlive] [           main] c.e.firstlive.FirstliveApplicationTests  : Started FirstliveApplicationTests in 2.511 seconds (process running for 4.105)
]]></system-out>
  </testcase>
</testsuite>